#
# There is insufficient memory for the Java Runtime Environment to continue.
# Native memory allocation (malloc) failed to allocate 1020112 bytes for Chunk::new
# Possible reasons:
#   The system is out of physical RAM or swap space
#   In 32 bit mode, the process size limit was hit
# Possible solutions:
#   Reduce memory load on the system
#   Increase physical memory or swap space
#   Check if swap backing store is full
#   Use 64 bit Java on a 64 bit OS
#   Decrease Java heap size (-Xmx/-Xms)
#   Decrease number of Java threads
#   Decrease Java thread stack sizes (-Xss)
#   Set larger code cache with -XX:ReservedCodeCacheSize=
# This output file may be truncated or incomplete.
#
#  Out of Memory Error (allocation.cpp:390), pid=9932, tid=2312
#
# JRE version: Java(TM) SE Runtime Environment (8.0_31-b13) (build 1.8.0_31-b13)
# Java VM: Java HotSpot(TM) 64-Bit Server VM (25.31-b07 mixed mode windows-amd64 compressed oops)
# Failed to write core dump. Minidumps are not enabled by default on client versions of Windows
#

---------------  T H R E A D  ---------------

Current thread (0x0000000009c40800):  JavaThread "C2 CompilerThread0" daemon [_thread_in_native, id=2312, stack(0x000000000b440000,0x000000000b540000)]

Stack: [0x000000000b440000,0x000000000b540000]
Native frames: (J=compiled Java code, j=interpreted, Vv=VM code, C=native code)
V  [jvm.dll+0x3169ba]


Current CompileTask:
C2:  13766 2310   !   4       org.codehaus.plexus.interpolation.StringSearchInterpolator::interpolate (665 bytes)


---------------  P R O C E S S  ---------------

Java Threads: ( => current thread )
  0x000000000bc43800 JavaThread "com.google.inject.internal.util.$Finalizer" daemon [_thread_blocked, id=176, stack(0x000000000c4b0000,0x000000000c5b0000)]
  0x0000000009cb7000 JavaThread "Service Thread" daemon [_thread_blocked, id=12704, stack(0x000000000b300000,0x000000000b400000)]
  0x0000000009c98000 JavaThread "C1 CompilerThread3" daemon [_thread_blocked, id=7556, stack(0x000000000b930000,0x000000000ba30000)]
  0x0000000009c94000 JavaThread "C2 CompilerThread2" daemon [_thread_blocked, id=10344, stack(0x000000000b790000,0x000000000b890000)]
  0x0000000009c4d000 JavaThread "C2 CompilerThread1" daemon [_thread_blocked, id=13432, stack(0x000000000b680000,0x000000000b780000)]
=>0x0000000009c40800 JavaThread "C2 CompilerThread0" daemon [_thread_in_native, id=2312, stack(0x000000000b440000,0x000000000b540000)]
  0x0000000009c3f000 JavaThread "Attach Listener" daemon [_thread_blocked, id=11508, stack(0x000000000b1d0000,0x000000000b2d0000)]
  0x0000000009c3e000 JavaThread "Signal Dispatcher" daemon [_thread_blocked, id=2328, stack(0x000000000aea0000,0x000000000afa0000)]
  0x0000000008a7a800 JavaThread "Finalizer" daemon [_thread_blocked, id=12812, stack(0x000000000b030000,0x000000000b130000)]
  0x0000000008a74800 JavaThread "Reference Handler" daemon [_thread_blocked, id=12516, stack(0x000000000ad70000,0x000000000ae70000)]
  0x00000000022bf800 JavaThread "main" [_thread_in_native, id=13880, stack(0x00000000023c0000,0x00000000024c0000)]

Other Threads:
  0x0000000008a71800 VMThread [stack: 0x000000000ac20000,0x000000000ad20000] [id=12616]
  0x0000000009cbc800 WatcherThread [stack: 0x000000000ba30000,0x000000000bb30000] [id=11772]

VM state:not at safepoint (normal execution)

VM Mutex/Monitor currently owned by a thread: None

Heap:
 PSYoungGen      total 38400K, used 15091K [0x00000000d5f00000, 0x00000000d8980000, 0x0000000100000000)
  eden space 33280K, 30% used [0x00000000d5f00000,0x00000000d68c0ca0,0x00000000d7f80000)
  from space 5120K, 99% used [0x00000000d8480000,0x00000000d897c010,0x00000000d8980000)
  to   space 5120K, 0% used [0x00000000d7f80000,0x00000000d7f80000,0x00000000d8480000)
 ParOldGen       total 87552K, used 4333K [0x0000000081c00000, 0x0000000087180000, 0x00000000d5f00000)
  object space 87552K, 4% used [0x0000000081c00000,0x000000008203b488,0x0000000087180000)
 Metaspace       used 12540K, capacity 12766K, committed 13056K, reserved 1060864K
  class space    used 1450K, capacity 1524K, committed 1536K, reserved 1048576K

Card table byte_map: [0x0000000002b50000,0x0000000002f50000] byte_map_base: 0x0000000002742000

Marking Bits: (ParMarkBitMap*) 0x000000005a77d4f0
 Begin Bits: [0x0000000003d70000, 0x0000000005d00000)
 End Bits:   [0x0000000005d00000, 0x0000000007c90000)

Polling page: 0x0000000001ee0000

CodeCache: size=245760Kb used=8299Kb max_used=8299Kb free=237460Kb
 bounds [0x000000000f010000, 0x000000000f840000, 0x000000001e010000]
 total_blobs=2698 nmethods=2386 adapters=226
 compilation: enabled

Compilation events (10 events):
Event: 13.619 Thread 0x0000000009c98000 2383       3       org.codehaus.plexus.util.xml.pull.MXParser::setInput (10 bytes)
Event: 13.619 Thread 0x0000000009c98000 nmethod 2383 0x000000000f829dd0 code [0x000000000f829f40, 0x000000000f82a108]
Event: 13.619 Thread 0x0000000009c98000 2384       3       org.apache.maven.model.building.ModelCacheTag$1::intoCache (40 bytes)
Event: 13.620 Thread 0x0000000009c98000 nmethod 2384 0x000000000f82f350 code [0x000000000f82f520, 0x000000000f82fc28]
Event: 13.620 Thread 0x0000000009c98000 2385       3       org.apache.maven.model.merge.ModelMerger::mergeDistributionManagement (46 bytes)
Event: 13.620 Thread 0x0000000009c98000 nmethod 2385 0x000000000f82ead0 code [0x000000000f82ec80, 0x000000000f82f1e8]
Event: 13.683 Thread 0x0000000009c98000 2386       3       java.io.BufferedInputStream::<init> (32 bytes)
Event: 13.683 Thread 0x0000000009c98000 nmethod 2386 0x000000000f82e390 code [0x000000000f82e520, 0x000000000f82e948]
Event: 13.684 Thread 0x0000000009c98000 2387       1       org.apache.maven.model.DistributionManagement::getRelocation (5 bytes)
Event: 13.684 Thread 0x0000000009c98000 nmethod 2387 0x000000000f829b10 code [0x000000000f829c60, 0x000000000f829d70]

GC Heap History (8 events):
Event: 3.503 GC heap before
{Heap before GC invocations=1 (full 0):
 PSYoungGen      total 38400K, used 33280K [0x00000000d5f00000, 0x00000000d8980000, 0x0000000100000000)
  eden space 33280K, 100% used [0x00000000d5f00000,0x00000000d7f80000,0x00000000d7f80000)
  from space 5120K, 0% used [0x00000000d8480000,0x00000000d8480000,0x00000000d8980000)
  to   space 5120K, 0% used [0x00000000d7f80000,0x00000000d7f80000,0x00000000d8480000)
 ParOldGen       total 87552K, used 0K [0x0000000081c00000, 0x0000000087180000, 0x00000000d5f00000)
  object space 87552K, 0% used [0x0000000081c00000,0x0000000081c00000,0x0000000087180000)
 Metaspace       used 7877K, capacity 8098K, committed 8320K, reserved 1056768K
  class space    used 987K, capacity 1059K, committed 1152K, reserved 1048576K
Event: 3.515 GC heap after
Heap after GC invocations=1 (full 0):
 PSYoungGen      total 38400K, used 4717K [0x00000000d5f00000, 0x00000000d8980000, 0x0000000100000000)
  eden space 33280K, 0% used [0x00000000d5f00000,0x00000000d5f00000,0x00000000d7f80000)
  from space 5120K, 92% used [0x00000000d7f80000,0x00000000d841b530,0x00000000d8480000)
  to   space 5120K, 0% used [0x00000000d8480000,0x00000000d8480000,0x00000000d8980000)
 ParOldGen       total 87552K, used 16K [0x0000000081c00000, 0x0000000087180000, 0x00000000d5f00000)
  object space 87552K, 0% used [0x0000000081c00000,0x0000000081c04000,0x0000000087180000)
 Metaspace       used 7877K, capacity 8098K, committed 8320K, reserved 1056768K
  class space    used 987K, capacity 1059K, committed 1152K, reserved 1048576K
}
Event: 5.089 GC heap before
{Heap before GC invocations=2 (full 0):
 PSYoungGen      total 38400K, used 37997K [0x00000000d5f00000, 0x00000000d8980000, 0x0000000100000000)
  eden space 33280K, 100% used [0x00000000d5f00000,0x00000000d7f80000,0x00000000d7f80000)
  from space 5120K, 92% used [0x00000000d7f80000,0x00000000d841b530,0x00000000d8480000)
  to   space 5120K, 0% used [0x00000000d8480000,0x00000000d8480000,0x00000000d8980000)
 ParOldGen       total 87552K, used 16K [0x0000000081c00000, 0x0000000087180000, 0x00000000d5f00000)
  object space 87552K, 0% used [0x0000000081c00000,0x0000000081c04000,0x0000000087180000)
 Metaspace       used 11728K, capacity 11942K, committed 12288K, reserved 1060864K
  class space    used 1418K, capacity 1488K, committed 1536K, reserved 1048576K
Event: 5.103 GC heap after
Heap after GC invocations=2 (full 0):
 PSYoungGen      total 38400K, used 5117K [0x00000000d5f00000, 0x00000000d8980000, 0x0000000100000000)
  eden space 33280K, 0% used [0x00000000d5f00000,0x00000000d5f00000,0x00000000d7f80000)
  from space 5120K, 99% used [0x00000000d8480000,0x00000000d897f570,0x00000000d8980000)
  to   space 5120K, 0% used [0x00000000d7f80000,0x00000000d7f80000,0x00000000d8480000)
 ParOldGen       total 87552K, used 1945K [0x0000000081c00000, 0x0000000087180000, 0x00000000d5f00000)
  object space 87552K, 2% used [0x0000000081c00000,0x0000000081de66a0,0x0000000087180000)
 Metaspace       used 11728K, capacity 11942K, committed 12288K, reserved 1060864K
  class space    used 1418K, capacity 1488K, committed 1536K, reserved 1048576K
}
Event: 7.851 GC heap before
{Heap before GC invocations=3 (full 0):
 PSYoungGen      total 38400K, used 38397K [0x00000000d5f00000, 0x00000000d8980000, 0x0000000100000000)
  eden space 33280K, 100% used [0x00000000d5f00000,0x00000000d7f80000,0x00000000d7f80000)
  from space 5120K, 99% used [0x00000000d8480000,0x00000000d897f570,0x00000000d8980000)
  to   space 5120K, 0% used [0x00000000d7f80000,0x00000000d7f80000,0x00000000d8480000)
 ParOldGen       total 87552K, used 1945K [0x0000000081c00000, 0x0000000087180000, 0x00000000d5f00000)
  object space 87552K, 2% used [0x0000000081c00000,0x0000000081de66a0,0x0000000087180000)
 Metaspace       used 12177K, capacity 12440K, committed 12544K, reserved 1060864K
  class space    used 1447K, capacity 1523K, committed 1536K, reserved 1048576K
Event: 7.864 GC heap after
Heap after GC invocations=3 (full 0):
 PSYoungGen      total 38400K, used 5088K [0x00000000d5f00000, 0x00000000d8980000, 0x0000000100000000)
  eden space 33280K, 0% used [0x00000000d5f00000,0x00000000d5f00000,0x00000000d7f80000)
  from space 5120K, 99% used [0x00000000d7f80000,0x00000000d8478020,0x00000000d8480000)
  to   space 5120K, 0% used [0x00000000d8480000,0x00000000d8480000,0x00000000d8980000)
 ParOldGen       total 87552K, used 2781K [0x0000000081c00000, 0x0000000087180000, 0x00000000d5f00000)
  object space 87552K, 3% used [0x0000000081c00000,0x0000000081eb7488,0x0000000087180000)
 Metaspace       used 12177K, capacity 12440K, committed 12544K, reserved 1060864K
  class space    used 1447K, capacity 1523K, committed 1536K, reserved 1048576K
}
Event: 12.696 GC heap before
{Heap before GC invocations=4 (full 0):
 PSYoungGen      total 38400K, used 38368K [0x00000000d5f00000, 0x00000000d8980000, 0x0000000100000000)
  eden space 33280K, 100% used [0x00000000d5f00000,0x00000000d7f80000,0x00000000d7f80000)
  from space 5120K, 99% used [0x00000000d7f80000,0x00000000d8478020,0x00000000d8480000)
  to   space 5120K, 0% used [0x00000000d8480000,0x00000000d8480000,0x00000000d8980000)
 ParOldGen       total 87552K, used 2781K [0x0000000081c00000, 0x0000000087180000, 0x00000000d5f00000)
  object space 87552K, 3% used [0x0000000081c00000,0x0000000081eb7488,0x0000000087180000)
 Metaspace       used 12467K, capacity 12702K, committed 12800K, reserved 1060864K
  class space    used 1450K, capacity 1524K, committed 1536K, reserved 1048576K
Event: 12.711 GC heap after
Heap after GC invocations=4 (full 0):
 PSYoungGen      total 38400K, used 5104K [0x00000000d5f00000, 0x00000000d8980000, 0x0000000100000000)
  eden space 33280K, 0% used [0x00000000d5f00000,0x00000000d5f00000,0x00000000d7f80000)
  from space 5120K, 99% used [0x00000000d8480000,0x00000000d897c010,0x00000000d8980000)
  to   space 5120K, 0% used [0x00000000d7f80000,0x00000000d7f80000,0x00000000d8480000)
 ParOldGen       total 87552K, used 4333K [0x0000000081c00000, 0x0000000087180000, 0x00000000d5f00000)
  object space 87552K, 4% used [0x0000000081c00000,0x000000008203b488,0x0000000087180000)
 Metaspace       used 12467K, capacity 12702K, committed 12800K, reserved 1060864K
  class space    used 1450K, capacity 1524K, committed 1536K, reserved 1048576K
}

Deoptimization events (10 events):
Event: 6.647 Thread 0x00000000022bf800 Uncommon trap: reason=unreached action=reinterpret pc=0x000000000f3d5dfc method=java.util.HashMap.hash(Ljava/lang/Object;)I @ 1
Event: 7.740 Thread 0x00000000022bf800 Uncommon trap: reason=class_check action=maybe_recompile pc=0x000000000f471334 method=java.util.concurrent.ConcurrentHashMap.get(Ljava/lang/Object;)Ljava/lang/Object; @ 149
Event: 7.747 Thread 0x00000000022bf800 Uncommon trap: reason=class_check action=maybe_recompile pc=0x000000000f471334 method=java.util.concurrent.ConcurrentHashMap.get(Ljava/lang/Object;)Ljava/lang/Object; @ 149
Event: 7.773 Thread 0x00000000022bf800 Uncommon trap: reason=class_check action=maybe_recompile pc=0x000000000f471334 method=java.util.concurrent.ConcurrentHashMap.get(Ljava/lang/Object;)Ljava/lang/Object; @ 149
Event: 7.780 Thread 0x00000000022bf800 Uncommon trap: reason=class_check action=maybe_recompile pc=0x000000000f471334 method=java.util.concurrent.ConcurrentHashMap.get(Ljava/lang/Object;)Ljava/lang/Object; @ 149
Event: 8.993 Thread 0x00000000022bf800 Uncommon trap: reason=speculate_class_check action=maybe_recompile pc=0x000000000f6a36e8 method=java.nio.charset.CharsetDecoder.decode(Ljava/nio/ByteBuffer;Ljava/nio/CharBuffer;Z)Ljava/nio/charset/CoderResult; @ 57
Event: 8.994 Thread 0x00000000022bf800 Uncommon trap: reason=speculate_class_check action=maybe_recompile pc=0x000000000f6a36e8 method=java.nio.charset.CharsetDecoder.decode(Ljava/nio/ByteBuffer;Ljava/nio/CharBuffer;Z)Ljava/nio/charset/CoderResult; @ 57
Event: 8.995 Thread 0x00000000022bf800 Uncommon trap: reason=speculate_class_check action=maybe_recompile pc=0x000000000f6a36e8 method=java.nio.charset.CharsetDecoder.decode(Ljava/nio/ByteBuffer;Ljava/nio/CharBuffer;Z)Ljava/nio/charset/CoderResult; @ 57
Event: 8.997 Thread 0x00000000022bf800 Uncommon trap: reason=class_check action=maybe_recompile pc=0x000000000f57628c method=org.apache.maven.model.interpolation.StringSearchModelInterpolator$InterpolateObjectAction.traverseObjectWithParents(Ljava/lang/Class;Ljava/lang/Object;)V @ 546
Event: 8.997 Thread 0x00000000022bf800 Uncommon trap: reason=class_check action=maybe_recompile pc=0x000000000f57628c method=org.apache.maven.model.interpolation.StringSearchModelInterpolator$InterpolateObjectAction.traverseObjectWithParents(Ljava/lang/Class;Ljava/lang/Object;)V @ 546

Internal exceptions (10 events):
Event: 6.687 Thread 0x00000000022bf800 Exception <a 'java/security/PrivilegedActionException'> (0x00000000d6c726a0) thrown at [C:\workspace\8-2-build-windows-amd64-cygwin\jdk8u31\2394\hotspot\src\share\vm\prims\jvm.cpp, line 1312]
Event: 6.687 Thread 0x00000000022bf800 Exception <a 'java/security/PrivilegedActionException'> (0x00000000d6c72fd0) thrown at [C:\workspace\8-2-build-windows-amd64-cygwin\jdk8u31\2394\hotspot\src\share\vm\prims\jvm.cpp, line 1312]
Event: 6.688 Thread 0x00000000022bf800 Exception <a 'java/security/PrivilegedActionException'> (0x00000000d6c77620) thrown at [C:\workspace\8-2-build-windows-amd64-cygwin\jdk8u31\2394\hotspot\src\share\vm\prims\jvm.cpp, line 1312]
Event: 6.688 Thread 0x00000000022bf800 Exception <a 'java/security/PrivilegedActionException'> (0x00000000d6c77f90) thrown at [C:\workspace\8-2-build-windows-amd64-cygwin\jdk8u31\2394\hotspot\src\share\vm\prims\jvm.cpp, line 1312]
Event: 7.692 Thread 0x00000000022bf800 Exception <a 'java/security/PrivilegedActionException'> (0x00000000d7a534a8) thrown at [C:\workspace\8-2-build-windows-amd64-cygwin\jdk8u31\2394\hotspot\src\share\vm\prims\jvm.cpp, line 1312]
Event: 7.692 Thread 0x00000000022bf800 Exception <a 'java/security/PrivilegedActionException'> (0x00000000d7a53eb8) thrown at [C:\workspace\8-2-build-windows-amd64-cygwin\jdk8u31\2394\hotspot\src\share\vm\prims\jvm.cpp, line 1312]
Event: 9.603 Thread 0x00000000022bf800 Exception <a 'java/security/PrivilegedActionException'> (0x00000000d6c9bad0) thrown at [C:\workspace\8-2-build-windows-amd64-cygwin\jdk8u31\2394\hotspot\src\share\vm\prims\jvm.cpp, line 1312]
Event: 9.603 Thread 0x00000000022bf800 Exception <a 'java/security/PrivilegedActionException'> (0x00000000d6c9c450) thrown at [C:\workspace\8-2-build-windows-amd64-cygwin\jdk8u31\2394\hotspot\src\share\vm\prims\jvm.cpp, line 1312]
Event: 11.411 Thread 0x00000000022bf800 Exception <a 'java/security/PrivilegedActionException'> (0x00000000d7783338) thrown at [C:\workspace\8-2-build-windows-amd64-cygwin\jdk8u31\2394\hotspot\src\share\vm\prims\jvm.cpp, line 1312]
Event: 11.411 Thread 0x00000000022bf800 Exception <a 'java/security/PrivilegedActionException'> (0x00000000d7783ca8) thrown at [C:\workspace\8-2-build-windows-amd64-cygwin\jdk8u31\2394\hotspot\src\share\vm\prims\jvm.cpp, line 1312]

Events (10 events):
Event: 8.997 Thread 0x00000000022bf800 DEOPT PACKING pc=0x000000000f57628c sp=0x00000000024bc790
Event: 8.997 Thread 0x00000000022bf800 DEOPT UNPACKING pc=0x000000000f05556a sp=0x00000000024bc798 mode 2
Event: 9.603 loading class org/apache/maven/repository/internal/RelocatedArtifact
Event: 9.603 loading class org/apache/maven/repository/internal/RelocatedArtifact done
Event: 11.410 loading class org/sonatype/aether/collection/DependencyManagement
Event: 11.410 loading class org/sonatype/aether/collection/DependencyManagement done
Event: 12.696 Executing VM operation: ParallelGCFailedAllocation
Event: 12.711 Executing VM operation: ParallelGCFailedAllocation done
Event: 12.950 Thread 0x00000000022bf800 DEOPT PACKING pc=0x000000000f51bd22 sp=0x00000000024bd430
Event: 12.950 Thread 0x00000000022bf800 DEOPT UNPACKING pc=0x000000000f0571bf sp=0x00000000024bd198 mode 0


Dynamic libraries:
0x000000013f3a0000 - 0x000000013f3d4000 	C:\Program Files\Java\jdk1.8.0_31\bin\java.exe
0x0000000076d70000 - 0x0000000076f1b000 	C:\Windows\SYSTEM32\ntdll.dll
0x0000000076b50000 - 0x0000000076c6f000 	C:\Windows\system32\kernel32.dll
0x000007fefbbb0000 - 0x000007fefbc1b000 	C:\Windows\system32\KERNELBASE.dll
0x000007fefdaa0000 - 0x000007fefdb7b000 	C:\Windows\system32\ADVAPI32.dll
0x000007fefc490000 - 0x000007fefc52f000 	C:\Windows\system32\msvcrt.dll
0x000007fefbdc0000 - 0x000007fefbddf000 	C:\Windows\SYSTEM32\sechost.dll
0x000007fefbdf0000 - 0x000007fefbf1e000 	C:\Windows\system32\RPCRT4.dll
0x0000000076c70000 - 0x0000000076d6a000 	C:\Windows\system32\USER32.dll
0x000007fefd440000 - 0x000007fefd4a7000 	C:\Windows\system32\GDI32.dll
0x000007fefbde0000 - 0x000007fefbdee000 	C:\Windows\system32\LPK.dll
0x000007fefd870000 - 0x000007fefd93a000 	C:\Windows\system32\USP10.dll
0x000007fefa4c0000 - 0x000007fefa6b4000 	C:\Windows\WinSxS\amd64_microsoft.windows.common-controls_6595b64144ccf1df_6.0.7600.16400_none_fa5cc277170a386a\COMCTL32.dll
0x000007fefbf20000 - 0x000007fefbf91000 	C:\Windows\system32\SHLWAPI.dll
0x000007fefc180000 - 0x000007fefc1ae000 	C:\Windows\system32\IMM32.DLL
0x000007fefc1b0000 - 0x000007fefc2b9000 	C:\Windows\system32\MSCTF.dll
0x000007fefb9b0000 - 0x000007fefb9df000 	C:\Windows\system32\nvinitx.dll
0x000000000f000000 - 0x000000000f006000 	C:\Program Files\NVIDIA Corporation\CoProcManager\_etoured.dll
0x000007fef8770000 - 0x000007fef87cf000 	C:\Program Files\NVIDIA Corporation\CoProcManager\nvd3d9wrapx.dll
0x000007fefbfa0000 - 0x000007fefc177000 	C:\Windows\system32\SETUPAPI.dll
0x000007fefbb70000 - 0x000007fefbba6000 	C:\Windows\system32\CFGMGR32.dll
0x000007fefd4b0000 - 0x000007fefd587000 	C:\Windows\system32\OLEAUT32.dll
0x000007fefdb80000 - 0x000007fefdd81000 	C:\Windows\system32\ole32.dll
0x000007fefbd90000 - 0x000007fefbdaa000 	C:\Windows\system32\DEVOBJ.dll
0x000007fef8290000 - 0x000007fef82d6000 	C:\Program Files\NVIDIA Corporation\CoProcManager\nvdxgiwrapx.dll
0x000000005d100000 - 0x000000005d1d2000 	C:\Program Files\Java\jdk1.8.0_31\jre\bin\msvcr100.dll
0x0000000059fa0000 - 0x000000005a7fa000 	C:\Program Files\Java\jdk1.8.0_31\jre\bin\server\jvm.dll
0x000007fef0890000 - 0x000007fef0899000 	C:\Windows\system32\WSOCK32.dll
0x000007fefda50000 - 0x000007fefda9d000 	C:\Windows\system32\WS2_32.dll
0x000007fefbdb0000 - 0x000007fefbdb8000 	C:\Windows\system32\NSI.dll
0x000007fef9710000 - 0x000007fef974b000 	C:\Windows\system32\WINMM.dll
0x0000000076f40000 - 0x0000000076f47000 	C:\Windows\system32\PSAPI.DLL
0x0000000072260000 - 0x000000007226f000 	C:\Program Files\Java\jdk1.8.0_31\jre\bin\verify.dll
0x0000000072230000 - 0x0000000072258000 	C:\Program Files\Java\jdk1.8.0_31\jre\bin\java.dll
0x00000000720c0000 - 0x00000000720d6000 	C:\Program Files\Java\jdk1.8.0_31\jre\bin\zip.dll
0x000007fefc6b0000 - 0x000007fefd436000 	C:\Windows\system32\SHELL32.dll
0x000007fefb9e0000 - 0x000007fefb9ef000 	C:\Windows\system32\profapi.dll
0x000007fefb880000 - 0x000007fefb8d7000 	C:\Windows\system32\apphelp.dll
0x00000000693f0000 - 0x000000006940a000 	C:\Program Files\Java\jdk1.8.0_31\jre\bin\net.dll
0x000007fefb200000 - 0x000007fefb254000 	C:\Windows\system32\mswsock.dll
0x000007fefb510000 - 0x000007fefb517000 	C:\Windows\System32\wship6.dll
0x00000000693b0000 - 0x00000000693c1000 	C:\Program Files\Java\jdk1.8.0_31\jre\bin\nio.dll

VM Arguments:
jvm_args: -Dclassworlds.conf=D:\Programs\Maven\bin\m2.conf -Dmaven.home=D:\Programs\Maven 
java_command: org.codehaus.plexus.classworlds.launcher.Launcher -Dnetbeans.deploy=true -Dmaven.ext.class.path=D:\Programs\NetBeans 8.0.2\java\maven-nblib\netbeans-eventspy.jar -Dfile.encoding=UTF-8 package
java_class_path (initial): D:\Programs\Maven\boot\plexus-classworlds-2.4.jar
Launcher Type: SUN_STANDARD

Environment Variables:
JAVA_HOME=C:\Program Files\Java\jdk1.8.0_31
PATH=C:\ProgramData\Oracle\Java\javapath;C:\Program Files (x86)\NVIDIA Corporation\PhysX\Common;D:\Programs\Maven\bin;C:\Program Files (x86)\Intel\iCLS Client\;C:\Program Files\Intel\iCLS Client\;C:\Windows\system32;C:\Windows;C:\Windows\System32\Wbem;C:\Windows\System32\WindowsPowerShell\v1.0\;C:\Program Files\Intel\Intel(R) Management Engine Components\DAL;C:\Program Files\Intel\Intel(R) Management Engine Components\IPT;C:\Program Files (x86)\Intel\Intel(R) Management Engine Components\DAL;C:\Program Files (x86)\Intel\Intel(R) Management Engine Components\IPT;C:\Program Files (x86)\Intel\OpenCL SDK\2.0\bin\x86;C:\Program Files (x86)\Intel\OpenCL SDK\2.0\bin\x64;C:\Program Files (x86)\Microsoft SQL Server\90\Tools\binn\;D:\Programs\PHP_5_64;D:\Programs\Git\bin;D:\Programs\Git\cmd;D:\Programs\Git\libexec\git-core;D:\Programs\grails-3.0.2\bin;C:\PROGRA~2\Groovy\GROOVY~1.3\bin;C:\Program Files (x86)\Skype\Phone\
USERNAME=gmt3
OS=Windows_NT
PROCESSOR_IDENTIFIER=Intel64 Family 6 Model 58 Stepping 9, GenuineIntel



---------------  S Y S T E M  ---------------

OS: Windows 7 , 64 bit Build 7600 

CPU:total 8 (4 cores per cpu, 2 threads per core) family 6 model 58 stepping 9, cmov, cx8, fxsr, mmx, sse, sse2, sse3, ssse3, sse4.1, sse4.2, popcnt, aes, clmul, erms, ht, tsc, tscinvbit, tscinv

Memory: 4k page, physical 8271700k(794220k free), swap 10184276k(5220k free)

vm_info: Java HotSpot(TM) 64-Bit Server VM (25.31-b07) for windows-amd64 JRE (1.8.0_31-b13), built on Dec 17 2014 21:00:28 by "java_re" with MS VC++ 10.0 (VS2010)

time: Tue Nov 08 22:04:47 2016
elapsed time: 13 seconds (0d 0h 0m 13s)

