#
# There is insufficient memory for the Java Runtime Environment to continue.
# Native memory allocation (malloc) failed to allocate 32744 bytes for ChunkPool::allocate
# Possible reasons:
#   The system is out of physical RAM or swap space
#   In 32 bit mode, the process size limit was hit
# Possible solutions:
#   Reduce memory load on the system
#   Increase physical memory or swap space
#   Check if swap backing store is full
#   Use 64 bit Java on a 64 bit OS
#   Decrease Java heap size (-Xmx/-Xms)
#   Decrease number of Java threads
#   Decrease Java thread stack sizes (-Xss)
#   Set larger code cache with -XX:ReservedCodeCacheSize=
# This output file may be truncated or incomplete.
#
#  Out of Memory Error (allocation.cpp:273), pid=12968, tid=13892
#
# JRE version: Java(TM) SE Runtime Environment (8.0_31-b13) (build 1.8.0_31-b13)
# Java VM: Java HotSpot(TM) 64-Bit Server VM (25.31-b07 mixed mode windows-amd64 compressed oops)
# Failed to write core dump. Minidumps are not enabled by default on client versions of Windows
#

---------------  T H R E A D  ---------------

Current thread (0x00000000022bf800):  JavaThread "main" [_thread_in_vm, id=13892, stack(0x0000000002360000,0x0000000002460000)]

Stack: [0x0000000002360000,0x0000000002460000]
Native frames: (J=compiled Java code, j=interpreted, Vv=VM code, C=native code)
V  [jvm.dll+0x3169ba]

Java frames: (J=compiled Java code, j=interpreted, Vv=VM code)
J 199  java.lang.Throwable.fillInStackTrace(I)Ljava/lang/Throwable; (0 bytes) @ 0x000000000f185c7b [0x000000000f185c40+0x3b]
J 256 C1 java.lang.Throwable.<init>(Ljava/lang/String;Ljava/lang/Throwable;)V (39 bytes) @ 0x000000000f1aac24 [0x000000000f1aa8e0+0x344]
J 281 C1 java.lang.ClassNotFoundException.<init>(Ljava/lang/String;)V (7 bytes) @ 0x000000000f1b591c [0x000000000f1b5800+0x11c]
J 247 C1 java.net.URLClassLoader$1.run()Ljava/lang/Class; (73 bytes) @ 0x000000000f1a5354 [0x000000000f1a5020+0x334]
J 246 C1 java.net.URLClassLoader$1.run()Ljava/lang/Object; (5 bytes) @ 0x000000000f1a4c8c [0x000000000f1a4c00+0x8c]
v  ~StubRoutines::call_stub
J 245  java.security.AccessController.doPrivileged(Ljava/security/PrivilegedExceptionAction;Ljava/security/AccessControlContext;)Ljava/lang/Object; (0 bytes) @ 0x000000000f1a48a6 [0x000000000f1a4840+0x66]
J 220 C1 java.net.URLClassLoader.findClass(Ljava/lang/String;)Ljava/lang/Class; (29 bytes) @ 0x000000000f1960e4 [0x000000000f195f60+0x184]
J 149 C1 java.lang.ClassLoader.loadClass(Ljava/lang/String;Z)Ljava/lang/Class; (122 bytes) @ 0x000000000f162eec [0x000000000f162580+0x96c]
J 252 C1 sun.misc.Launcher$AppClassLoader.loadClass(Ljava/lang/String;Z)Ljava/lang/Class; (40 bytes) @ 0x000000000f1a83fc [0x000000000f1a7fc0+0x43c]
J 149 C1 java.lang.ClassLoader.loadClass(Ljava/lang/String;Z)Ljava/lang/Class; (122 bytes) @ 0x000000000f162c8c [0x000000000f162580+0x70c]
j  org.codehaus.plexus.classworlds.realm.ClassRealm.loadClass(Ljava/lang/String;Z)Ljava/lang/Class;+3
j  org.codehaus.plexus.classworlds.realm.ClassRealm.loadClass(Ljava/lang/String;)Ljava/lang/Class;+3
v  ~StubRoutines::call_stub
j  com.google.inject.spi.Elements.getElements(Lcom/google/inject/Stage;Ljava/lang/Iterable;)Ljava/util/List;+0
j  com.google.inject.internal.InjectorShell$Builder.build(Lcom/google/inject/internal/BindingProcessor;Lcom/google/inject/internal/util/$Stopwatch;Lcom/google/inject/internal/Errors;)Ljava/util/List;+99
j  com.google.inject.internal.InternalInjectorCreator.build()Lcom/google/inject/Injector;+44
j  com.google.inject.Guice.createInjector(Lcom/google/inject/Stage;Ljava/lang/Iterable;)Lcom/google/inject/Injector;+15
j  com.google.inject.Guice.createInjector(Ljava/lang/Iterable;)Lcom/google/inject/Injector;+4
j  com.google.inject.Guice.createInjector([Lcom/google/inject/Module;)Lcom/google/inject/Injector;+4
j  org.codehaus.plexus.DefaultPlexusContainer.addPlexusInjector(Ljava/util/List;[Lcom/google/inject/Module;)V+88
j  org.codehaus.plexus.DefaultPlexusContainer.<init>(Lorg/codehaus/plexus/ContainerConfiguration;[Lcom/google/inject/Module;)V+335
j  org.codehaus.plexus.DefaultPlexusContainer.<init>(Lorg/codehaus/plexus/ContainerConfiguration;)V+6
j  org.apache.maven.cli.MavenCli.container(Lorg/apache/maven/cli/MavenCli$CliRequest;)V+81
j  org.apache.maven.cli.MavenCli.doMain(Lorg/apache/maven/cli/MavenCli$CliRequest;)I+27
j  org.apache.maven.cli.MavenCli.main([Ljava/lang/String;Lorg/codehaus/plexus/classworlds/ClassWorld;)I+18
v  ~StubRoutines::call_stub
j  sun.reflect.NativeMethodAccessorImpl.invoke0(Ljava/lang/reflect/Method;Ljava/lang/Object;[Ljava/lang/Object;)Ljava/lang/Object;+0
j  sun.reflect.NativeMethodAccessorImpl.invoke(Ljava/lang/Object;[Ljava/lang/Object;)Ljava/lang/Object;+100
j  sun.reflect.DelegatingMethodAccessorImpl.invoke(Ljava/lang/Object;[Ljava/lang/Object;)Ljava/lang/Object;+6
j  java.lang.reflect.Method.invoke(Ljava/lang/Object;[Ljava/lang/Object;)Ljava/lang/Object;+56
j  org.codehaus.plexus.classworlds.launcher.Launcher.launchEnhanced([Ljava/lang/String;)V+45
j  org.codehaus.plexus.classworlds.launcher.Launcher.launch([Ljava/lang/String;)V+2
j  org.codehaus.plexus.classworlds.launcher.Launcher.mainWithExitCode([Ljava/lang/String;)I+97
j  org.codehaus.plexus.classworlds.launcher.Launcher.main([Ljava/lang/String;)V+1
v  ~StubRoutines::call_stub

---------------  P R O C E S S  ---------------

Java Threads: ( => current thread )
  0x0000000009c76800 JavaThread "Service Thread" daemon [_thread_blocked, id=12900, stack(0x000000000bbf0000,0x000000000bcf0000)]
  0x0000000009c0b000 JavaThread "C1 CompilerThread3" daemon [_thread_in_native, id=14052, stack(0x000000000ba30000,0x000000000bb30000)]
  0x0000000009bef800 JavaThread "C2 CompilerThread2" daemon [_thread_in_native, id=11036, stack(0x000000000b850000,0x000000000b950000)]
  0x0000000009bd5000 JavaThread "C2 CompilerThread1" daemon [_thread_blocked, id=12912, stack(0x000000000b650000,0x000000000b750000)]
  0x0000000009bd0800 JavaThread "C2 CompilerThread0" daemon [_thread_in_native, id=13548, stack(0x000000000b450000,0x000000000b550000)]
  0x0000000009bcf000 JavaThread "Attach Listener" daemon [_thread_blocked, id=9148, stack(0x000000000b350000,0x000000000b450000)]
  0x0000000009bce000 JavaThread "Signal Dispatcher" daemon [_thread_blocked, id=11256, stack(0x000000000b1d0000,0x000000000b2d0000)]
  0x0000000008c2a800 JavaThread "Finalizer" daemon [_thread_blocked, id=14224, stack(0x000000000afb0000,0x000000000b0b0000)]
  0x0000000008c24800 JavaThread "Reference Handler" daemon [_thread_blocked, id=11808, stack(0x000000000ae30000,0x000000000af30000)]
=>0x00000000022bf800 JavaThread "main" [_thread_in_vm, id=13892, stack(0x0000000002360000,0x0000000002460000)]

Other Threads:
  0x0000000008c21800 VMThread [stack: 0x000000000ac10000,0x000000000ad10000] [id=12348]
  0x0000000009c80000 WatcherThread [stack: 0x000000000b0c0000,0x000000000b1c0000] [id=13904]

VM state:not at safepoint (normal execution)

VM Mutex/Monitor currently owned by a thread: None

Heap:
 PSYoungGen      total 38400K, used 8070K [0x00000000d5f00000, 0x00000000d8980000, 0x0000000100000000)
  eden space 33280K, 24% used [0x00000000d5f00000,0x00000000d66e1928,0x00000000d7f80000)
  from space 5120K, 0% used [0x00000000d8480000,0x00000000d8480000,0x00000000d8980000)
  to   space 5120K, 0% used [0x00000000d7f80000,0x00000000d7f80000,0x00000000d8480000)
 ParOldGen       total 87552K, used 0K [0x0000000081c00000, 0x0000000087180000, 0x00000000d5f00000)
  object space 87552K, 0% used [0x0000000081c00000,0x0000000081c00000,0x0000000087180000)
 Metaspace       used 4920K, capacity 5432K, committed 5504K, reserved 1056768K
  class space    used 562K, capacity 604K, committed 640K, reserved 1048576K

Card table byte_map: [0x0000000002ba0000,0x0000000002fa0000] byte_map_base: 0x0000000002792000

Marking Bits: (ParMarkBitMap*) 0x000000005a77d4f0
 Begin Bits: [0x0000000003f20000, 0x0000000005eb0000)
 End Bits:   [0x0000000005eb0000, 0x0000000007e40000)

Polling page: 0x0000000000230000

CodeCache: size=245760Kb used=1687Kb max_used=1699Kb free=244072Kb
 bounds [0x000000000f010000, 0x000000000f280000, 0x000000001e010000]
 total_blobs=542 nmethods=279 adapters=178
 compilation: enabled

Compilation events (10 events):
Event: 0.800 Thread 0x0000000009c0b000 nmethod 277 0x000000000f1b0550 code [0x000000000f1b06e0, 0x000000000f1b0ae8]
Event: 0.801 Thread 0x0000000009c0b000  278       3       java.net.URL::toExternalForm (9 bytes)
Event: 0.801 Thread 0x0000000009c0b000 nmethod 278 0x000000000f1b0c90 code [0x000000000f1b0e00, 0x000000000f1b1028]
Event: 0.801 Thread 0x0000000009c0b000  279       3       java.net.URLStreamHandler::toExternalForm (219 bytes)
Event: 0.805 Thread 0x0000000009c0b000 nmethod 279 0x000000000f1b10d0 code [0x000000000f1b1400, 0x000000000f1b47b8]
Event: 0.805 Thread 0x0000000009c0b000  281       3       java.lang.ClassNotFoundException::<init> (7 bytes)
Event: 0.805 Thread 0x0000000009c0b000 nmethod 281 0x000000000f1b5690 code [0x000000000f1b5800, 0x000000000f1b5a48]
Event: 0.805 Thread 0x0000000009bd0800  280   !   4       sun.misc.URLClassPath$JarLoader::getResource (85 bytes)
Event: 0.807 Thread 0x0000000009bd5000 nmethod 274 0x000000000f1b8bd0 code [0x000000000f1b8d20, 0x000000000f1b9198]
Event: 0.822 Thread 0x0000000009c0b000  282       3       sun.util.calendar.BaseCalendar::getFixedDate (324 bytes)

GC Heap History (0 events):
No events

Deoptimization events (0 events):
No events

Internal exceptions (10 events):
Event: 0.815 Thread 0x00000000022bf800 Exception <a 'java/security/PrivilegedActionException'> (0x00000000d662f578) thrown at [C:\workspace\8-2-build-windows-amd64-cygwin\jdk8u31\2394\hotspot\src\share\vm\prims\jvm.cpp, line 1312]
Event: 0.816 Thread 0x00000000022bf800 Exception <a 'java/security/PrivilegedActionException'> (0x00000000d6635488) thrown at [C:\workspace\8-2-build-windows-amd64-cygwin\jdk8u31\2394\hotspot\src\share\vm\prims\jvm.cpp, line 1312]
Event: 0.817 Thread 0x00000000022bf800 Exception <a 'java/security/PrivilegedActionException'> (0x00000000d6635a10) thrown at [C:\workspace\8-2-build-windows-amd64-cygwin\jdk8u31\2394\hotspot\src\share\vm\prims\jvm.cpp, line 1312]
Event: 0.818 Thread 0x00000000022bf800 Exception <a 'java/security/PrivilegedActionException'> (0x00000000d663a118) thrown at [C:\workspace\8-2-build-windows-amd64-cygwin\jdk8u31\2394\hotspot\src\share\vm\prims\jvm.cpp, line 1312]
Event: 0.818 Thread 0x00000000022bf800 Exception <a 'java/security/PrivilegedActionException'> (0x00000000d663aa68) thrown at [C:\workspace\8-2-build-windows-amd64-cygwin\jdk8u31\2394\hotspot\src\share\vm\prims\jvm.cpp, line 1312]
Event: 0.820 Thread 0x00000000022bf800 Exception <a 'java/security/PrivilegedActionException'> (0x00000000d6642068) thrown at [C:\workspace\8-2-build-windows-amd64-cygwin\jdk8u31\2394\hotspot\src\share\vm\prims\jvm.cpp, line 1312]
Event: 0.820 Thread 0x00000000022bf800 Exception <a 'java/security/PrivilegedActionException'> (0x00000000d6642678) thrown at [C:\workspace\8-2-build-windows-amd64-cygwin\jdk8u31\2394\hotspot\src\share\vm\prims\jvm.cpp, line 1312]
Event: 0.822 Thread 0x00000000022bf800 Exception <a 'java/security/PrivilegedActionException'> (0x00000000d66508c0) thrown at [C:\workspace\8-2-build-windows-amd64-cygwin\jdk8u31\2394\hotspot\src\share\vm\prims\jvm.cpp, line 1312]
Event: 0.822 Thread 0x00000000022bf800 Exception <a 'java/security/PrivilegedActionException'> (0x00000000d6651160) thrown at [C:\workspace\8-2-build-windows-amd64-cygwin\jdk8u31\2394\hotspot\src\share\vm\prims\jvm.cpp, line 1312]
Event: 0.825 Thread 0x00000000022bf800 Exception <a 'java/security/PrivilegedActionException'> (0x00000000d6655170) thrown at [C:\workspace\8-2-build-windows-amd64-cygwin\jdk8u31\2394\hotspot\src\share\vm\prims\jvm.cpp, line 1312]

Events (10 events):
Event: 0.816 loading class com/google/inject/spi/Elements$1
Event: 0.816 loading class com/google/inject/spi/Elements$1 done
Event: 0.817 loading class com/google/inject/spi/DefaultBindingTargetVisitor
Event: 0.817 loading class com/google/inject/spi/DefaultBindingTargetVisitor done
Event: 0.820 loading class com/google/inject/spi/Elements$RecordingBinder
Event: 0.820 loading class com/google/inject/spi/Elements$RecordingBinder done
Event: 0.822 loading class com/google/inject/PrivateBinder
Event: 0.822 loading class com/google/inject/PrivateBinder done
Event: 0.825 loading class com/google/inject/binder/AnnotatedElementBuilder
Event: 0.825 loading class com/google/inject/binder/AnnotatedElementBuilder done


Dynamic libraries:
0x000000013f4c0000 - 0x000000013f4f4000 	C:\Program Files\Java\jdk1.8.0_31\bin\java.exe
0x0000000076d70000 - 0x0000000076f1b000 	C:\Windows\SYSTEM32\ntdll.dll
0x0000000076b50000 - 0x0000000076c6f000 	C:\Windows\system32\kernel32.dll
0x000007fefbbb0000 - 0x000007fefbc1b000 	C:\Windows\system32\KERNELBASE.dll
0x000007fefdaa0000 - 0x000007fefdb7b000 	C:\Windows\system32\ADVAPI32.dll
0x000007fefc490000 - 0x000007fefc52f000 	C:\Windows\system32\msvcrt.dll
0x000007fefbdc0000 - 0x000007fefbddf000 	C:\Windows\SYSTEM32\sechost.dll
0x000007fefbdf0000 - 0x000007fefbf1e000 	C:\Windows\system32\RPCRT4.dll
0x0000000076c70000 - 0x0000000076d6a000 	C:\Windows\system32\USER32.dll
0x000007fefd440000 - 0x000007fefd4a7000 	C:\Windows\system32\GDI32.dll
0x000007fefbde0000 - 0x000007fefbdee000 	C:\Windows\system32\LPK.dll
0x000007fefd870000 - 0x000007fefd93a000 	C:\Windows\system32\USP10.dll
0x000007fefa4c0000 - 0x000007fefa6b4000 	C:\Windows\WinSxS\amd64_microsoft.windows.common-controls_6595b64144ccf1df_6.0.7600.16400_none_fa5cc277170a386a\COMCTL32.dll
0x000007fefbf20000 - 0x000007fefbf91000 	C:\Windows\system32\SHLWAPI.dll
0x000007fefc180000 - 0x000007fefc1ae000 	C:\Windows\system32\IMM32.DLL
0x000007fefc1b0000 - 0x000007fefc2b9000 	C:\Windows\system32\MSCTF.dll
0x000007fefb9b0000 - 0x000007fefb9df000 	C:\Windows\system32\nvinitx.dll
0x000000000f000000 - 0x000000000f006000 	C:\Program Files\NVIDIA Corporation\CoProcManager\_etoured.dll
0x000007fef8770000 - 0x000007fef87cf000 	C:\Program Files\NVIDIA Corporation\CoProcManager\nvd3d9wrapx.dll
0x000007fefbfa0000 - 0x000007fefc177000 	C:\Windows\system32\SETUPAPI.dll
0x000007fefbb70000 - 0x000007fefbba6000 	C:\Windows\system32\CFGMGR32.dll
0x000007fefd4b0000 - 0x000007fefd587000 	C:\Windows\system32\OLEAUT32.dll
0x000007fefdb80000 - 0x000007fefdd81000 	C:\Windows\system32\ole32.dll
0x000007fefbd90000 - 0x000007fefbdaa000 	C:\Windows\system32\DEVOBJ.dll
0x000007fef8290000 - 0x000007fef82d6000 	C:\Program Files\NVIDIA Corporation\CoProcManager\nvdxgiwrapx.dll
0x000000005d100000 - 0x000000005d1d2000 	C:\Program Files\Java\jdk1.8.0_31\jre\bin\msvcr100.dll
0x0000000059fa0000 - 0x000000005a7fa000 	C:\Program Files\Java\jdk1.8.0_31\jre\bin\server\jvm.dll
0x000007fef0890000 - 0x000007fef0899000 	C:\Windows\system32\WSOCK32.dll
0x000007fefda50000 - 0x000007fefda9d000 	C:\Windows\system32\WS2_32.dll
0x000007fefbdb0000 - 0x000007fefbdb8000 	C:\Windows\system32\NSI.dll
0x000007fef9710000 - 0x000007fef974b000 	C:\Windows\system32\WINMM.dll
0x0000000076f40000 - 0x0000000076f47000 	C:\Windows\system32\PSAPI.DLL
0x0000000072260000 - 0x000000007226f000 	C:\Program Files\Java\jdk1.8.0_31\jre\bin\verify.dll
0x0000000072230000 - 0x0000000072258000 	C:\Program Files\Java\jdk1.8.0_31\jre\bin\java.dll
0x00000000720c0000 - 0x00000000720d6000 	C:\Program Files\Java\jdk1.8.0_31\jre\bin\zip.dll
0x000007fefc6b0000 - 0x000007fefd436000 	C:\Windows\system32\SHELL32.dll
0x000007fefb9e0000 - 0x000007fefb9ef000 	C:\Windows\system32\profapi.dll

VM Arguments:
jvm_args: -Dclassworlds.conf=D:\Programs\Maven\bin\m2.conf -Dmaven.home=D:\Programs\Maven 
java_command: org.codehaus.plexus.classworlds.launcher.Launcher -Dnetbeans.deploy=true -Dmaven.ext.class.path=D:\Programs\NetBeans 8.0.2\java\maven-nblib\netbeans-eventspy.jar -Dfile.encoding=UTF-8 package
java_class_path (initial): D:\Programs\Maven\boot\plexus-classworlds-2.4.jar
Launcher Type: SUN_STANDARD

Environment Variables:
JAVA_HOME=C:\Program Files\Java\jdk1.8.0_31
PATH=C:\ProgramData\Oracle\Java\javapath;C:\Program Files (x86)\NVIDIA Corporation\PhysX\Common;D:\Programs\Maven\bin;C:\Program Files (x86)\Intel\iCLS Client\;C:\Program Files\Intel\iCLS Client\;C:\Windows\system32;C:\Windows;C:\Windows\System32\Wbem;C:\Windows\System32\WindowsPowerShell\v1.0\;C:\Program Files\Intel\Intel(R) Management Engine Components\DAL;C:\Program Files\Intel\Intel(R) Management Engine Components\IPT;C:\Program Files (x86)\Intel\Intel(R) Management Engine Components\DAL;C:\Program Files (x86)\Intel\Intel(R) Management Engine Components\IPT;C:\Program Files (x86)\Intel\OpenCL SDK\2.0\bin\x86;C:\Program Files (x86)\Intel\OpenCL SDK\2.0\bin\x64;C:\Program Files (x86)\Microsoft SQL Server\90\Tools\binn\;D:\Programs\PHP_5_64;D:\Programs\Git\bin;D:\Programs\Git\cmd;D:\Programs\Git\libexec\git-core;D:\Programs\grails-3.0.2\bin;C:\PROGRA~2\Groovy\GROOVY~1.3\bin;C:\Program Files (x86)\Skype\Phone\
USERNAME=gmt3
OS=Windows_NT
PROCESSOR_IDENTIFIER=Intel64 Family 6 Model 58 Stepping 9, GenuineIntel



---------------  S Y S T E M  ---------------

OS: Windows 7 , 64 bit Build 7600 

CPU:total 8 (4 cores per cpu, 2 threads per core) family 6 model 58 stepping 9, cmov, cx8, fxsr, mmx, sse, sse2, sse3, ssse3, sse4.1, sse4.2, popcnt, aes, clmul, erms, ht, tsc, tscinvbit, tscinv

Memory: 4k page, physical 8271700k(826844k free), swap 10184276k(4948k free)

vm_info: Java HotSpot(TM) 64-Bit Server VM (25.31-b07) for windows-amd64 JRE (1.8.0_31-b13), built on Dec 17 2014 21:00:28 by "java_re" with MS VC++ 10.0 (VS2010)

time: Tue Nov 08 22:07:32 2016
elapsed time: 0 seconds (0d 0h 0m 0s)

